<?xml version="1.0" encoding="UTF-8"?>
<!-- Generated by org.testng.reporters.JUnitReportReporter -->
<testsuite skipped="0" hostname="DESKTOP-K2L4EEU" name="Testscripts.Testscriptfor_fb" tests="1" failures="0" timestamp="12 Jan 2022 06:29:10 GMT" time="21.322" errors="0">
  <testcase name="Script" time="21.322" classname="Testscripts.Testscriptfor_fb"/>
</testsuite> <!-- Testscripts.Testscriptfor_fb -->
